<?xml version="1.0" encoding="UTF-8"?>
<testng-results ignored="0" total="1" passed="1" failed="0" skipped="0">
  <reporter-output>
  </reporter-output>
  <suite started-at="2021-10-15T18:23:34 EET" name="Default suite" finished-at="2021-10-15T18:23:44 EET" duration-ms="10573">
    <groups>
    </groups>
    <test started-at="2021-10-15T18:23:34 EET" name="Default test" finished-at="2021-10-15T18:23:44 EET" duration-ms="10573">
      <class name="logout.logoutTests">
        <test-method is-config="true" signature="beforeClass()[pri:0, instance:logout.logoutTests@be64738]" started-at="2021-10-15T18:23:34 EET" name="beforeClass" finished-at="2021-10-15T18:23:34 EET" duration-ms="9" status="PASS">
          <reporter-output>
          </reporter-output>
        </test-method> <!-- beforeClass -->
        <test-method is-config="true" signature="beforemethod()[pri:0, instance:logout.logoutTests@be64738]" started-at="2021-10-15T18:23:34 EET" name="beforemethod" finished-at="2021-10-15T18:23:40 EET" duration-ms="5674" status="PASS">
          <reporter-output>
          </reporter-output>
        </test-method> <!-- beforemethod -->
        <test-method signature="testSuccessLogout()[pri:0, instance:logout.logoutTests@be64738]" started-at="2021-10-15T18:23:40 EET" name="testSuccessLogout" finished-at="2021-10-15T18:23:44 EET" duration-ms="4846" status="PASS">
          <reporter-output>
          </reporter-output>
        </test-method> <!-- testSuccessLogout -->
      </class> <!-- logout.logoutTests -->
    </test> <!-- Default test -->
  </suite> <!-- Default suite -->
</testng-results>
